2025-10-27 16:04:56,082 - INFO - ReasoningAgent initialized (model=qwen3:8b, url=http://localhost:11434/api/generate)
2025-10-27 16:16:16,196 - INFO - ReasoningAgent initialized (model=qwen3:8b, url=http://localhost:11434/api/generate)
2025-10-27 16:16:48,408 - INFO - Calling Ollama (streaming) at http://localhost:11434/api/generate
2025-10-27 16:18:21,093 - INFO - Raw LLM output length: 1315
2025-10-27 16:18:21,093 - INFO - Reasoning completed for query 'where is iran?'
2025-10-27 16:28:50,490 - INFO - ReasoningAgent initialized (model=qwen3:8b, url=http://localhost:11434/api/generate)
2025-10-27 16:29:15,674 - INFO - Calling Ollama (streaming) at http://localhost:11434/api/generate
2025-10-27 16:30:23,791 - INFO - Raw LLM output length: 935
2025-10-27 16:30:23,796 - INFO - Reasoning completed for query 'what is the result of Vaccination?'
2025-10-27 18:41:38,110 - INFO - ReasoningAgent initialized (model=qwen3:8b, url=http://localhost:11434/api/generate)
2025-10-27 18:41:45,768 - INFO - Calling Ollama (streaming) at http://localhost:11434/api/generate
2025-10-27 18:42:40,353 - INFO - Raw LLM output length: 718
2025-10-27 18:42:40,358 - INFO - Reasoning completed for query 'ping'
2025-10-27 18:44:09,467 - INFO - Calling Ollama (streaming) at http://localhost:11434/api/generate
2025-10-27 18:44:12,226 - ERROR - Ollama call failed: All connection attempts failed
Traceback (most recent call last):
  File "C:\Users\pooya\OneDrive\Desktop\pro\policy-aware-rag-agent\venv\Lib\site-packages\httpx\_transports\default.py", line 101, in map_httpcore_exceptions
    yield
  File "C:\Users\pooya\OneDrive\Desktop\pro\policy-aware-rag-agent\venv\Lib\site-packages\httpx\_transports\default.py", line 394, in handle_async_request
    resp = await self._pool.handle_async_request(req)
           ^^^^^^^^^^^^^^^^^^^^^^^^^^^^^^^^^^^^^^^^^^
  File "C:\Users\pooya\OneDrive\Desktop\pro\policy-aware-rag-agent\venv\Lib\site-packages\httpcore\_async\connection_pool.py", line 256, in handle_async_request
    raise exc from None
  File "C:\Users\pooya\OneDrive\Desktop\pro\policy-aware-rag-agent\venv\Lib\site-packages\httpcore\_async\connection_pool.py", line 236, in handle_async_request
    response = await connection.handle_async_request(
               ^^^^^^^^^^^^^^^^^^^^^^^^^^^^^^^^^^^^^^
  File "C:\Users\pooya\OneDrive\Desktop\pro\policy-aware-rag-agent\venv\Lib\site-packages\httpcore\_async\connection.py", line 101, in handle_async_request
    raise exc
  File "C:\Users\pooya\OneDrive\Desktop\pro\policy-aware-rag-agent\venv\Lib\site-packages\httpcore\_async\connection.py", line 78, in handle_async_request
    stream = await self._connect(request)
             ^^^^^^^^^^^^^^^^^^^^^^^^^^^^
  File "C:\Users\pooya\OneDrive\Desktop\pro\policy-aware-rag-agent\venv\Lib\site-packages\httpcore\_async\connection.py", line 124, in _connect
    stream = await self._network_backend.connect_tcp(**kwargs)
             ^^^^^^^^^^^^^^^^^^^^^^^^^^^^^^^^^^^^^^^^^^^^^^^^^
  File "C:\Users\pooya\OneDrive\Desktop\pro\policy-aware-rag-agent\venv\Lib\site-packages\httpcore\_backends\auto.py", line 31, in connect_tcp
    return await self._backend.connect_tcp(
           ^^^^^^^^^^^^^^^^^^^^^^^^^^^^^^^^
  File "C:\Users\pooya\OneDrive\Desktop\pro\policy-aware-rag-agent\venv\Lib\site-packages\httpcore\_backends\anyio.py", line 113, in connect_tcp
    with map_exceptions(exc_map):
  File "C:\Users\pooya\AppData\Local\Programs\Python\Python311\Lib\contextlib.py", line 158, in __exit__
    self.gen.throw(typ, value, traceback)
  File "C:\Users\pooya\OneDrive\Desktop\pro\policy-aware-rag-agent\venv\Lib\site-packages\httpcore\_exceptions.py", line 14, in map_exceptions
    raise to_exc(exc) from exc
httpcore.ConnectError: All connection attempts failed

The above exception was the direct cause of the following exception:

Traceback (most recent call last):
  File "C:\Users\pooya\OneDrive\Desktop\pro\policy-aware-rag-agent\app\agents\reasoning_agent.py", line 90, in reason
    raw = await self._call_ollama(prompt)
          ^^^^^^^^^^^^^^^^^^^^^^^^^^^^^^^
  File "C:\Users\pooya\OneDrive\Desktop\pro\policy-aware-rag-agent\app\agents\reasoning_agent.py", line 51, in _call_ollama
    async with client.stream("POST", self.ollama_url, json=payload) as resp:
  File "C:\Users\pooya\AppData\Local\Programs\Python\Python311\Lib\contextlib.py", line 210, in __aenter__
    return await anext(self.gen)
           ^^^^^^^^^^^^^^^^^^^^^
  File "C:\Users\pooya\OneDrive\Desktop\pro\policy-aware-rag-agent\venv\Lib\site-packages\httpx\_client.py", line 1583, in stream
    response = await self.send(
               ^^^^^^^^^^^^^^^^
  File "C:\Users\pooya\OneDrive\Desktop\pro\policy-aware-rag-agent\venv\Lib\site-packages\httpx\_client.py", line 1629, in send
    response = await self._send_handling_auth(
               ^^^^^^^^^^^^^^^^^^^^^^^^^^^^^^^
  File "C:\Users\pooya\OneDrive\Desktop\pro\policy-aware-rag-agent\venv\Lib\site-packages\httpx\_client.py", line 1657, in _send_handling_auth
    response = await self._send_handling_redirects(
               ^^^^^^^^^^^^^^^^^^^^^^^^^^^^^^^^^^^^
  File "C:\Users\pooya\OneDrive\Desktop\pro\policy-aware-rag-agent\venv\Lib\site-packages\httpx\_client.py", line 1694, in _send_handling_redirects
    response = await self._send_single_request(request)
               ^^^^^^^^^^^^^^^^^^^^^^^^^^^^^^^^^^^^^^^^
  File "C:\Users\pooya\OneDrive\Desktop\pro\policy-aware-rag-agent\venv\Lib\site-packages\httpx\_client.py", line 1730, in _send_single_request
    response = await transport.handle_async_request(request)
               ^^^^^^^^^^^^^^^^^^^^^^^^^^^^^^^^^^^^^^^^^^^^^
  File "C:\Users\pooya\OneDrive\Desktop\pro\policy-aware-rag-agent\venv\Lib\site-packages\httpx\_transports\default.py", line 393, in handle_async_request
    with map_httpcore_exceptions():
  File "C:\Users\pooya\AppData\Local\Programs\Python\Python311\Lib\contextlib.py", line 158, in __exit__
    self.gen.throw(typ, value, traceback)
  File "C:\Users\pooya\OneDrive\Desktop\pro\policy-aware-rag-agent\venv\Lib\site-packages\httpx\_transports\default.py", line 118, in map_httpcore_exceptions
    raise mapped_exc(message) from exc
httpx.ConnectError: All connection attempts failed
2025-10-27 18:44:18,274 - INFO - Calling Ollama (streaming) at http://localhost:11434/api/generate
2025-10-27 18:44:21,049 - ERROR - Ollama call failed: All connection attempts failed
Traceback (most recent call last):
  File "C:\Users\pooya\OneDrive\Desktop\pro\policy-aware-rag-agent\venv\Lib\site-packages\httpx\_transports\default.py", line 101, in map_httpcore_exceptions
    yield
  File "C:\Users\pooya\OneDrive\Desktop\pro\policy-aware-rag-agent\venv\Lib\site-packages\httpx\_transports\default.py", line 394, in handle_async_request
    resp = await self._pool.handle_async_request(req)
           ^^^^^^^^^^^^^^^^^^^^^^^^^^^^^^^^^^^^^^^^^^
  File "C:\Users\pooya\OneDrive\Desktop\pro\policy-aware-rag-agent\venv\Lib\site-packages\httpcore\_async\connection_pool.py", line 256, in handle_async_request
    raise exc from None
  File "C:\Users\pooya\OneDrive\Desktop\pro\policy-aware-rag-agent\venv\Lib\site-packages\httpcore\_async\connection_pool.py", line 236, in handle_async_request
    response = await connection.handle_async_request(
               ^^^^^^^^^^^^^^^^^^^^^^^^^^^^^^^^^^^^^^
  File "C:\Users\pooya\OneDrive\Desktop\pro\policy-aware-rag-agent\venv\Lib\site-packages\httpcore\_async\connection.py", line 101, in handle_async_request
    raise exc
  File "C:\Users\pooya\OneDrive\Desktop\pro\policy-aware-rag-agent\venv\Lib\site-packages\httpcore\_async\connection.py", line 78, in handle_async_request
    stream = await self._connect(request)
             ^^^^^^^^^^^^^^^^^^^^^^^^^^^^
  File "C:\Users\pooya\OneDrive\Desktop\pro\policy-aware-rag-agent\venv\Lib\site-packages\httpcore\_async\connection.py", line 124, in _connect
    stream = await self._network_backend.connect_tcp(**kwargs)
             ^^^^^^^^^^^^^^^^^^^^^^^^^^^^^^^^^^^^^^^^^^^^^^^^^
  File "C:\Users\pooya\OneDrive\Desktop\pro\policy-aware-rag-agent\venv\Lib\site-packages\httpcore\_backends\auto.py", line 31, in connect_tcp
    return await self._backend.connect_tcp(
           ^^^^^^^^^^^^^^^^^^^^^^^^^^^^^^^^
  File "C:\Users\pooya\OneDrive\Desktop\pro\policy-aware-rag-agent\venv\Lib\site-packages\httpcore\_backends\anyio.py", line 113, in connect_tcp
    with map_exceptions(exc_map):
  File "C:\Users\pooya\AppData\Local\Programs\Python\Python311\Lib\contextlib.py", line 158, in __exit__
    self.gen.throw(typ, value, traceback)
  File "C:\Users\pooya\OneDrive\Desktop\pro\policy-aware-rag-agent\venv\Lib\site-packages\httpcore\_exceptions.py", line 14, in map_exceptions
    raise to_exc(exc) from exc
httpcore.ConnectError: All connection attempts failed

The above exception was the direct cause of the following exception:

Traceback (most recent call last):
  File "C:\Users\pooya\OneDrive\Desktop\pro\policy-aware-rag-agent\app\agents\reasoning_agent.py", line 90, in reason
    raw = await self._call_ollama(prompt)
          ^^^^^^^^^^^^^^^^^^^^^^^^^^^^^^^
  File "C:\Users\pooya\OneDrive\Desktop\pro\policy-aware-rag-agent\app\agents\reasoning_agent.py", line 51, in _call_ollama
    async with client.stream("POST", self.ollama_url, json=payload) as resp:
  File "C:\Users\pooya\AppData\Local\Programs\Python\Python311\Lib\contextlib.py", line 210, in __aenter__
    return await anext(self.gen)
           ^^^^^^^^^^^^^^^^^^^^^
  File "C:\Users\pooya\OneDrive\Desktop\pro\policy-aware-rag-agent\venv\Lib\site-packages\httpx\_client.py", line 1583, in stream
    response = await self.send(
               ^^^^^^^^^^^^^^^^
  File "C:\Users\pooya\OneDrive\Desktop\pro\policy-aware-rag-agent\venv\Lib\site-packages\httpx\_client.py", line 1629, in send
    response = await self._send_handling_auth(
               ^^^^^^^^^^^^^^^^^^^^^^^^^^^^^^^
  File "C:\Users\pooya\OneDrive\Desktop\pro\policy-aware-rag-agent\venv\Lib\site-packages\httpx\_client.py", line 1657, in _send_handling_auth
    response = await self._send_handling_redirects(
               ^^^^^^^^^^^^^^^^^^^^^^^^^^^^^^^^^^^^
  File "C:\Users\pooya\OneDrive\Desktop\pro\policy-aware-rag-agent\venv\Lib\site-packages\httpx\_client.py", line 1694, in _send_handling_redirects
    response = await self._send_single_request(request)
               ^^^^^^^^^^^^^^^^^^^^^^^^^^^^^^^^^^^^^^^^
  File "C:\Users\pooya\OneDrive\Desktop\pro\policy-aware-rag-agent\venv\Lib\site-packages\httpx\_client.py", line 1730, in _send_single_request
    response = await transport.handle_async_request(request)
               ^^^^^^^^^^^^^^^^^^^^^^^^^^^^^^^^^^^^^^^^^^^^^
  File "C:\Users\pooya\OneDrive\Desktop\pro\policy-aware-rag-agent\venv\Lib\site-packages\httpx\_transports\default.py", line 393, in handle_async_request
    with map_httpcore_exceptions():
  File "C:\Users\pooya\AppData\Local\Programs\Python\Python311\Lib\contextlib.py", line 158, in __exit__
    self.gen.throw(typ, value, traceback)
  File "C:\Users\pooya\OneDrive\Desktop\pro\policy-aware-rag-agent\venv\Lib\site-packages\httpx\_transports\default.py", line 118, in map_httpcore_exceptions
    raise mapped_exc(message) from exc
httpx.ConnectError: All connection attempts failed
2025-10-27 18:44:23,082 - INFO - Calling Ollama (streaming) at http://localhost:11434/api/generate
2025-10-27 18:44:25,768 - ERROR - Ollama call failed: All connection attempts failed
Traceback (most recent call last):
  File "C:\Users\pooya\OneDrive\Desktop\pro\policy-aware-rag-agent\venv\Lib\site-packages\httpx\_transports\default.py", line 101, in map_httpcore_exceptions
    yield
  File "C:\Users\pooya\OneDrive\Desktop\pro\policy-aware-rag-agent\venv\Lib\site-packages\httpx\_transports\default.py", line 394, in handle_async_request
    resp = await self._pool.handle_async_request(req)
           ^^^^^^^^^^^^^^^^^^^^^^^^^^^^^^^^^^^^^^^^^^
  File "C:\Users\pooya\OneDrive\Desktop\pro\policy-aware-rag-agent\venv\Lib\site-packages\httpcore\_async\connection_pool.py", line 256, in handle_async_request
    raise exc from None
  File "C:\Users\pooya\OneDrive\Desktop\pro\policy-aware-rag-agent\venv\Lib\site-packages\httpcore\_async\connection_pool.py", line 236, in handle_async_request
    response = await connection.handle_async_request(
               ^^^^^^^^^^^^^^^^^^^^^^^^^^^^^^^^^^^^^^
  File "C:\Users\pooya\OneDrive\Desktop\pro\policy-aware-rag-agent\venv\Lib\site-packages\httpcore\_async\connection.py", line 101, in handle_async_request
    raise exc
  File "C:\Users\pooya\OneDrive\Desktop\pro\policy-aware-rag-agent\venv\Lib\site-packages\httpcore\_async\connection.py", line 78, in handle_async_request
    stream = await self._connect(request)
             ^^^^^^^^^^^^^^^^^^^^^^^^^^^^
  File "C:\Users\pooya\OneDrive\Desktop\pro\policy-aware-rag-agent\venv\Lib\site-packages\httpcore\_async\connection.py", line 124, in _connect
    stream = await self._network_backend.connect_tcp(**kwargs)
             ^^^^^^^^^^^^^^^^^^^^^^^^^^^^^^^^^^^^^^^^^^^^^^^^^
  File "C:\Users\pooya\OneDrive\Desktop\pro\policy-aware-rag-agent\venv\Lib\site-packages\httpcore\_backends\auto.py", line 31, in connect_tcp
    return await self._backend.connect_tcp(
           ^^^^^^^^^^^^^^^^^^^^^^^^^^^^^^^^
  File "C:\Users\pooya\OneDrive\Desktop\pro\policy-aware-rag-agent\venv\Lib\site-packages\httpcore\_backends\anyio.py", line 113, in connect_tcp
    with map_exceptions(exc_map):
  File "C:\Users\pooya\AppData\Local\Programs\Python\Python311\Lib\contextlib.py", line 158, in __exit__
    self.gen.throw(typ, value, traceback)
  File "C:\Users\pooya\OneDrive\Desktop\pro\policy-aware-rag-agent\venv\Lib\site-packages\httpcore\_exceptions.py", line 14, in map_exceptions
    raise to_exc(exc) from exc
httpcore.ConnectError: All connection attempts failed

The above exception was the direct cause of the following exception:

Traceback (most recent call last):
  File "C:\Users\pooya\OneDrive\Desktop\pro\policy-aware-rag-agent\app\agents\reasoning_agent.py", line 90, in reason
    raw = await self._call_ollama(prompt)
          ^^^^^^^^^^^^^^^^^^^^^^^^^^^^^^^
  File "C:\Users\pooya\OneDrive\Desktop\pro\policy-aware-rag-agent\app\agents\reasoning_agent.py", line 51, in _call_ollama
    async with client.stream("POST", self.ollama_url, json=payload) as resp:
  File "C:\Users\pooya\AppData\Local\Programs\Python\Python311\Lib\contextlib.py", line 210, in __aenter__
    return await anext(self.gen)
           ^^^^^^^^^^^^^^^^^^^^^
  File "C:\Users\pooya\OneDrive\Desktop\pro\policy-aware-rag-agent\venv\Lib\site-packages\httpx\_client.py", line 1583, in stream
    response = await self.send(
               ^^^^^^^^^^^^^^^^
  File "C:\Users\pooya\OneDrive\Desktop\pro\policy-aware-rag-agent\venv\Lib\site-packages\httpx\_client.py", line 1629, in send
    response = await self._send_handling_auth(
               ^^^^^^^^^^^^^^^^^^^^^^^^^^^^^^^
  File "C:\Users\pooya\OneDrive\Desktop\pro\policy-aware-rag-agent\venv\Lib\site-packages\httpx\_client.py", line 1657, in _send_handling_auth
    response = await self._send_handling_redirects(
               ^^^^^^^^^^^^^^^^^^^^^^^^^^^^^^^^^^^^
  File "C:\Users\pooya\OneDrive\Desktop\pro\policy-aware-rag-agent\venv\Lib\site-packages\httpx\_client.py", line 1694, in _send_handling_redirects
    response = await self._send_single_request(request)
               ^^^^^^^^^^^^^^^^^^^^^^^^^^^^^^^^^^^^^^^^
  File "C:\Users\pooya\OneDrive\Desktop\pro\policy-aware-rag-agent\venv\Lib\site-packages\httpx\_client.py", line 1730, in _send_single_request
    response = await transport.handle_async_request(request)
               ^^^^^^^^^^^^^^^^^^^^^^^^^^^^^^^^^^^^^^^^^^^^^
  File "C:\Users\pooya\OneDrive\Desktop\pro\policy-aware-rag-agent\venv\Lib\site-packages\httpx\_transports\default.py", line 393, in handle_async_request
    with map_httpcore_exceptions():
  File "C:\Users\pooya\AppData\Local\Programs\Python\Python311\Lib\contextlib.py", line 158, in __exit__
    self.gen.throw(typ, value, traceback)
  File "C:\Users\pooya\OneDrive\Desktop\pro\policy-aware-rag-agent\venv\Lib\site-packages\httpx\_transports\default.py", line 118, in map_httpcore_exceptions
    raise mapped_exc(message) from exc
httpx.ConnectError: All connection attempts failed
2025-11-01 11:52:05,454 - INFO - ReasoningAgent initialized (model=qwen3:8b, url=http://localhost:11434/api/generate)
2025-11-01 11:56:47,797 - INFO - ReasoningAgent initialized (model=qwen2.5:7b-instruct, url=http://localhost:11434/api/generate)
2025-11-01 11:57:55,501 - INFO - Calling Ollama (streaming) at http://localhost:11434/api/generate
2025-11-01 11:58:26,196 - INFO - Raw LLM output length: 215
2025-11-01 11:58:26,198 - INFO - Reasoning completed for query 'ping'
2025-11-01 11:58:53,286 - INFO - Calling Ollama (streaming) at http://localhost:11434/api/generate
2025-11-01 11:59:14,124 - INFO - Raw LLM output length: 157
2025-11-01 11:59:14,124 - INFO - Reasoning completed for query 'how many bones we have?'
2025-11-01 11:59:58,623 - INFO - Calling Ollama (streaming) at http://localhost:11434/api/generate
2025-11-01 12:00:29,959 - INFO - Raw LLM output length: 327
2025-11-01 12:00:29,960 - INFO - Reasoning completed for query 'Previous context:
[MEMORY 0] Q: how many bones we have? | A: 206

New Query:
how many bones we have? and tell me about benefits of Washing hands'
2025-11-01 12:11:09,553 - INFO - ReasoningAgent initialized (model=qwen2.5:7b-instruct, url=http://localhost:11434/api/generate)
2025-11-01 12:11:19,752 - INFO - Calling Ollama (streaming) at http://localhost:11434/api/generate
2025-11-01 12:11:42,927 - INFO - Raw LLM output length: 140
2025-11-01 12:11:42,927 - INFO - Reasoning completed for query 'ping'
2025-11-01 12:12:36,140 - INFO - Calling Ollama (streaming) at http://localhost:11434/api/generate
2025-11-01 12:12:58,760 - INFO - Raw LLM output length: 181
2025-11-01 12:12:58,760 - INFO - Reasoning completed for query 'hi tell me about how many bones a human has? '
2025-11-01 12:15:24,721 - INFO - Calling Ollama (streaming) at http://localhost:11434/api/generate
2025-11-01 12:15:51,167 - INFO - Raw LLM output length: 263
2025-11-01 12:15:51,168 - INFO - Reasoning completed for query 'Previous context:
[MEMORY 0] Q: hi tell me about how many bones a human has?  | A: A human has 206 bones in adulthood.

New Query:
where is iran?'
2025-11-01 12:18:55,756 - INFO - ReasoningAgent initialized (model=qwen2.5:7b-instruct, url=http://localhost:11434/api/generate)
2025-11-01 12:19:10,871 - INFO - ReasoningAgent initialized (model=qwen2.5:7b-instruct, url=http://localhost:11434/api/generate)
2025-11-01 12:19:25,090 - INFO - ReasoningAgent initialized (model=qwen2.5:7b-instruct, url=http://localhost:11434/api/generate)
2025-11-01 12:19:40,747 - INFO - ReasoningAgent initialized (model=qwen2.5:7b-instruct, url=http://localhost:11434/api/generate)
2025-11-01 12:20:56,530 - INFO - Calling Ollama (streaming) at http://localhost:11434/api/generate
2025-11-01 12:21:28,353 - INFO - Raw LLM output length: 288
2025-11-01 12:21:28,354 - INFO - Reasoning completed for query 'where is iran?'
2025-11-01 12:21:59,392 - INFO - Calling Ollama (streaming) at http://localhost:11434/api/generate
2025-11-01 12:22:20,755 - INFO - Raw LLM output length: 219
2025-11-01 12:22:20,756 - INFO - Reasoning completed for query 'Previous context:
[MEMORY 0] Q: where is iran? | A: Iran is a country located in [REDACTED_NAME].

New Query:
How many bones we have?'
2025-11-01 12:24:22,658 - INFO - ReasoningAgent initialized (model=qwen2.5:7b-instruct, url=http://localhost:11434/api/generate)
2025-11-01 12:24:39,524 - INFO - ReasoningAgent initialized (model=qwen2.5:7b-instruct, url=http://localhost:11434/api/generate)
2025-11-01 12:24:55,265 - INFO - ReasoningAgent initialized (model=qwen2.5:7b-instruct, url=http://localhost:11434/api/generate)
2025-11-01 12:25:01,969 - INFO - Calling Ollama (streaming) at http://localhost:11434/api/generate
2025-11-01 12:25:22,434 - INFO - Raw LLM output length: 206
2025-11-01 12:25:22,434 - INFO - Reasoning completed for query 'How many bones we have?'
2025-11-01 12:25:59,771 - INFO - Calling Ollama (streaming) at http://localhost:11434/api/generate
2025-11-01 12:26:27,043 - INFO - Raw LLM output length: 326
2025-11-01 12:26:27,043 - INFO - Reasoning completed for query 'Previous context:
[MEMORY 0] Q: How many bones we have? | A: The human body has 206 bones in adulthood.

New Query:
tell me top 3 best IT companies '
2025-11-01 12:27:36,423 - INFO - ReasoningAgent initialized (model=qwen2.5:7b-instruct, url=http://localhost:11434/api/generate)
2025-11-01 12:27:53,629 - INFO - ReasoningAgent initialized (model=qwen2.5:7b-instruct, url=http://localhost:11434/api/generate)
2025-11-01 12:28:09,213 - INFO - ReasoningAgent initialized (model=qwen2.5:7b-instruct, url=http://localhost:11434/api/generate)
2025-11-01 12:28:24,387 - INFO - ReasoningAgent initialized (model=qwen2.5:7b-instruct, url=http://localhost:11434/api/generate)
2025-11-01 12:28:32,828 - INFO - Calling Ollama (streaming) at http://localhost:11434/api/generate
2025-11-01 12:28:46,445 - INFO - Raw LLM output length: 141
2025-11-01 12:28:46,446 - INFO - Reasoning completed for query 'ping'
2025-11-01 12:28:59,951 - INFO - Calling Ollama (streaming) at http://localhost:11434/api/generate
2025-11-01 12:29:21,156 - INFO - Raw LLM output length: 266
2025-11-01 12:29:21,157 - INFO - Reasoning completed for query 'where is Ardabil?'
2025-11-01 12:29:44,151 - INFO - Calling Ollama (streaming) at http://localhost:11434/api/generate
2025-11-01 12:30:04,670 - INFO - Raw LLM output length: 183
2025-11-01 12:30:04,670 - INFO - Reasoning completed for query 'Previous context:
[MEMORY 0] Q: where is Ardabil? | A: Ardabil is a city located in [REDACTED_NAME], Iran.

New Query:
where is Ardabil?'
2025-11-01 12:31:06,722 - INFO - Calling Ollama (streaming) at http://localhost:11434/api/generate
2025-11-01 12:31:52,634 - INFO - Raw LLM output length: 811
2025-11-01 12:31:52,635 - INFO - Reasoning completed for query 'Previous context:
[MEMORY 0] Q: where is Ardabil? | A: Ardabil is a city located in [REDACTED_NAME], Iran.
[MEMORY 1] Q: where is Ardabil? | A: Ardabil is a city located in [REDACTED_NAME], Iran.

New Query:
tell me your knowledge about the corpuse and what we have as a data'
2025-11-01 12:42:41,258 - INFO - Calling Ollama (streaming) at http://localhost:11434/api/generate
2025-11-01 12:43:31,340 - INFO - Raw LLM output length: 526
2025-11-01 12:43:31,341 - INFO - Reasoning completed for query 'Previous context:
[MEMORY 0] Q: where is Ardabil? | A: Ardabil is a city located in [REDACTED_NAME], Iran.
[MEMORY 1] Q: where is Ardabil? | A: Ardabil is a city located in [REDACTED_NAME], Iran.
[MEMORY 2] Q: tell me your knowledge about the corpuse and what we have as a data | A: The corpus contains information about general health and wellness, including the number of bones in an adult human body, benefits of physical activity and a balanced diet, effectiveness of vaccinations, and importance of hand washing.

New Query:
hi everyone'
2025-11-01 12:45:27,510 - INFO - Calling Ollama (streaming) at http://localhost:11434/api/generate
2025-11-01 12:45:47,044 - INFO - Raw LLM output length: 223
2025-11-01 12:45:47,044 - INFO - Reasoning completed for query 'Previous context:
[MEMORY 0] Q: where is Ardabil? | A: Ardabil is a city located in [REDACTED_NAME], Iran.
[MEMORY 1] Q: where is Ardabil? | A: Ardabil is a city located in [REDACTED_NAME], Iran.
[MEMORY 2] Q: tell me your knowledge about the corpuse and what we have as a data | A: The corpus contains information about general health and wellness, including the number of bones in an adult human body, benefits of physical activity and a balanced diet, effectiveness of vaccinations, and importance of hand washing.
[MEMORY 3] Q: hi everyone | A: The passages provide general health and wellness information.

New Query:
مزیت واکسن زدن؟'
2025-11-01 12:46:56,387 - INFO - Calling Ollama (streaming) at http://localhost:11434/api/generate
2025-11-01 12:47:21,604 - INFO - Raw LLM output length: 182
2025-11-01 12:47:21,604 - INFO - Reasoning completed for query 'Previous context:
[MEMORY 0] Q: where is Ardabil? | A: Ardabil is a city located in [REDACTED_NAME], Iran.
[MEMORY 1] Q: where is Ardabil? | A: Ardabil is a city located in [REDACTED_NAME], Iran.
[MEMORY 2] Q: tell me your knowledge about the corpuse and what we have as a data | A: The corpus contains information about general health and wellness, including the number of bones in an adult human body, benefits of physical activity and a balanced diet, effectiveness of vaccinations, and importance of hand washing.
[MEMORY 3] Q: hi everyone | A: The passages provide general health and wellness information.
[MEMORY 4] Q: مزیت واکسن زدن؟ | A: Vaccination is an effective way to prevent many infectious diseases.

New Query:
منو میشناسی؟'
2025-11-01 12:51:32,792 - INFO - Calling Ollama (streaming) at http://localhost:11434/api/generate
2025-11-01 12:52:14,946 - INFO - Raw LLM output length: 768
2025-11-01 12:52:14,947 - INFO - Reasoning completed for query 'Previous context:
[MEMORY 0] Q: where is Ardabil? | A: Ardabil is a city located in [REDACTED_NAME], Iran.
[MEMORY 1] Q: where is Ardabil? | A: Ardabil is a city located in [REDACTED_NAME], Iran.
[MEMORY 2] Q: tell me your knowledge about the corpuse and what we have as a data | A: The corpus contains information about general health and wellness, including the number of bones in an adult human body, benefits of physical activity and a balanced diet, effectiveness of vaccinations, and importance of hand washing.
[MEMORY 3] Q: hi everyone | A: The passages provide general health and wellness information.
[MEMORY 4] Q: مزیت واکسن زدن؟ | A: Vaccination is an effective way to prevent many infectious diseases.
[MEMORY 5] Q: منو میشناسی؟ | A: 我认识你。

New Query:
tell me about yourself'
2025-11-01 12:53:57,434 - INFO - Calling Ollama (streaming) at http://localhost:11434/api/generate
2025-11-01 12:54:19,033 - INFO - Raw LLM output length: 237
2025-11-01 12:54:19,034 - INFO - Reasoning completed for query 'Previous context:
[MEMORY 0] Q: where is Ardabil? | A: Ardabil is a city located in [REDACTED_NAME], Iran.
[MEMORY 1] Q: where is Ardabil? | A: Ardabil is a city located in [REDACTED_NAME], Iran.
[MEMORY 2] Q: tell me your knowledge about the corpuse and what we have as a data | A: The corpus contains information about general health and wellness, including the number of bones in an adult human body, benefits of physical activity and a balanced diet, effectiveness of vaccinations, and importance of hand washing.
[MEMORY 3] Q: hi everyone | A: The passages provide general health and wellness information.
[MEMORY 4] Q: مزیت واکسن زدن؟ | A: Vaccination is an effective way to prevent many infectious diseases.
[MEMORY 5] Q: منو میشناسی؟ | A: 我认识你。
[MEMORY 6] Q: tell me about yourself | A: I am an AI assistant created by [REDACTED_NAME]. I have knowledge about general health and wellness, such as the importance of physical activity, a balanced diet, vaccinations, and hand washing.

New Query:
What is the benefit of hand washing?'
2025-11-01 13:14:44,248 - INFO - ReasoningAgent initialized (model=qwen2.5:7b-instruct, url=http://localhost:11434/api/generate)
2025-11-01 13:19:04,774 - INFO - ReasoningAgent initialized (model=qwen2.5:7b-instruct, url=http://localhost:11434/api/generate)
2025-11-01 13:19:27,724 - INFO - Calling Ollama (streaming) at http://localhost:11434/api/generate
2025-11-01 13:19:50,537 - INFO - Raw LLM output length: 137
2025-11-01 13:19:50,538 - INFO - Reasoning completed for query 'hi'
2025-11-01 13:20:15,246 - INFO - Calling Ollama (streaming) at http://localhost:11434/api/generate
2025-11-01 13:20:32,564 - INFO - Raw LLM output length: 176
2025-11-01 13:20:32,564 - INFO - Reasoning completed for query 'Previous context:
[MEMORY 0] Q: hi | A: Hello!

New Query:
hi'
2025-11-01 13:21:34,532 - INFO - ReasoningAgent initialized (model=qwen2.5:7b-instruct, url=http://localhost:11434/api/generate)
2025-11-01 13:23:59,365 - INFO - ReasoningAgent initialized (model=qwen2.5:7b-instruct, url=http://localhost:11434/api/generate)
2025-11-01 13:23:59,932 - INFO - Calling Ollama (streaming) at http://localhost:11434/api/generate
2025-11-01 13:26:09,070 - INFO - ReasoningAgent initialized (model=qwen2.5:7b-instruct, url=http://localhost:11434/api/generate)
2025-11-01 13:26:33,889 - INFO - Calling Ollama (streaming) at http://localhost:11434/api/generate
2025-11-01 13:26:48,993 - INFO - Raw LLM output length: 138
2025-11-01 13:26:48,993 - INFO - Reasoning completed for query 'hi dude'
2025-11-01 13:27:41,145 - INFO - ReasoningAgent initialized (model=qwen2.5:7b-instruct, url=http://localhost:11434/api/generate)
2025-11-01 13:28:34,911 - INFO - ReasoningAgent initialized (model=qwen2.5:7b-instruct, url=http://localhost:11434/api/generate)
